app/manifest-merger-release-report.txt
-- Merging decision tree log ---
manifest
ADDED from AndroidManifest.xml:2:1
	xmlns:android
		ADDED from AndroidManifest.xml:2:11
	package
		ADDED from AndroidManifest.xml:3:5
		INJECTED from AndroidManifest.xml:0:0
		INJECTED from AndroidManifest.xml:0:0
	android:versionName
		INJECTED from AndroidManifest.xml:0:0
		INJECTED from AndroidManifest.xml:0:0
	android:versionCode
		INJECTED from AndroidManifest.xml:0:0
		INJECTED from AndroidManifest.xml:0:0
uses-permission#android.permission.ACCESS_FINE_LOCATION
ADDED from AndroidManifest.xml:6:5
	android:name
		ADDED from AndroidManifest.xml:6:22
uses-permission#android.permission.ACCESS_COARSE_LOCATION
ADDED from AndroidManifest.xml:7:5
	android:name
		ADDED from AndroidManifest.xml:7:22
uses-permission#android.permission.BLUETOOTH
ADDED from AndroidManifest.xml:10:5
	android:name
		ADDED from AndroidManifest.xml:10:22
uses-permission#android.permission.ACCESS_WIFI_STATE
ADDED from AndroidManifest.xml:13:5
	android:name
		ADDED from AndroidManifest.xml:13:22
uses-permission#android.permission.CHANGE_WIFI_STATE
ADDED from AndroidManifest.xml:16:5
	android:name
		ADDED from AndroidManifest.xml:16:22
uses-permission#android.permission.INTERNET
ADDED from AndroidManifest.xml:20:5
	android:name
		ADDED from AndroidManifest.xml:20:22
uses-permission#android.permission.ACCESS_NETWORK_STATE
ADDED from AndroidManifest.xml:21:5
	android:name
		ADDED from AndroidManifest.xml:21:22
uses-permission#android.permission.WRITE_EXTERNAL_STORAGE
ADDED from AndroidManifest.xml:22:5
	android:name
		ADDED from AndroidManifest.xml:22:22
uses-permission#android.permission.RECEIVE_BOOT_COMPLETED
ADDED from AndroidManifest.xml:25:5
	android:name
		ADDED from AndroidManifest.xml:25:22
uses-permission#android.permission.GET_TASKS
ADDED from AndroidManifest.xml:28:5
	android:name
		ADDED from AndroidManifest.xml:28:22
uses-permission#android.permission.WAKE_LOCK
ADDED from AndroidManifest.xml:31:5
	android:name
		ADDED from AndroidManifest.xml:31:22
uses-permission#android.permission.SYSTEM_ALERT_WINDOW
ADDED from AndroidManifest.xml:34:5
	android:name
		ADDED from AndroidManifest.xml:34:22
uses-permission#android.permission.EXPAND_STATUS_BAR
ADDED from AndroidManifest.xml:37:5
	android:name
		ADDED from AndroidManifest.xml:37:22
uses-permission#android.permission.READ_PHONE_STATE
ADDED from AndroidManifest.xml:40:5
	android:name
		ADDED from AndroidManifest.xml:40:22
uses-permission#android.permission.READ_PROFILE
ADDED from AndroidManifest.xml:43:5
	android:name
		ADDED from AndroidManifest.xml:43:22
uses-permission#android.permission.READ_CONTACTS
ADDED from AndroidManifest.xml:44:5
	android:name
		ADDED from AndroidManifest.xml:44:22
uses-feature#0x00020000
ADDED from AndroidManifest.xml:46:5
	android:required
		ADDED from AndroidManifest.xml:48:9
	android:glEsVersion
		ADDED from AndroidManifest.xml:47:9
application
ADDED from AndroidManifest.xml:50:5
MERGED from SmartLockScreen:Lock Pattern Grid View Library:unspecified:11:5
MERGED from com.github.gabrielemariotti.cards:library:1.9.0:28:5
MERGED from com.android.support:support-v4:21.0.0:16:5
MERGED from com.android.support:appcompat-v7:21.0.0:16:5
MERGED from com.android.support:support-v4:21.0.0:16:5
MERGED from com.google.android.gms:play-services:6.1.11:16:5
MERGED from com.android.support:support-v4:21.0.0:16:5
MERGED from com.android.support:cardview-v7:21.0.0:16:5
	android:label
		ADDED from AndroidManifest.xml:54:9
	android:allowBackup
		ADDED from AndroidManifest.xml:51:9
	android:icon
		ADDED from AndroidManifest.xml:53:9
	android:theme
		ADDED from AndroidManifest.xml:55:9
	android:hardwareAccelerated
		ADDED from AndroidManifest.xml:52:9
meta-data#com.google.android.gms.version
ADDED from AndroidManifest.xml:56:9
	android:name
		ADDED from AndroidManifest.xml:57:13
	android:value
		ADDED from AndroidManifest.xml:58:13
meta-data#com.google.android.maps.v2.API_KEY
ADDED from AndroidManifest.xml:59:9
	android:name
		ADDED from AndroidManifest.xml:60:13
	android:value
		ADDED from AndroidManifest.xml:61:13
uses-library#com.google.android.maps
ADDED from AndroidManifest.xml:63:9
	android:name
		ADDED from AndroidManifest.xml:63:23
activity#com.pvsagar.smartlockscreen.AddEnvironment
ADDED from AndroidManifest.xml:65:9
	android:windowSoftInputMode
		ADDED from AndroidManifest.xml:69:13
	android:label
		ADDED from AndroidManifest.xml:67:13
	android:theme
		ADDED from AndroidManifest.xml:68:13
	android:name
		ADDED from AndroidManifest.xml:66:13
activity#com.pvsagar.smartlockscreen.SelectLocation
ADDED from AndroidManifest.xml:71:9
	android:label
		ADDED from AndroidManifest.xml:73:13
	android:theme
		ADDED from AndroidManifest.xml:74:13
	android:name
		ADDED from AndroidManifest.xml:72:13
activity#com.pvsagar.smartlockscreen.EditEnvironment
ADDED from AndroidManifest.xml:76:9
	android:windowSoftInputMode
		ADDED from AndroidManifest.xml:80:13
	android:label
		ADDED from AndroidManifest.xml:78:13
	android:theme
		ADDED from AndroidManifest.xml:79:13
	android:name
		ADDED from AndroidManifest.xml:77:13
activity#com.pvsagar.smartlockscreen.SearchLocation
ADDED from AndroidManifest.xml:82:9
	android:label
		ADDED from AndroidManifest.xml:84:13
	android:theme
		ADDED from AndroidManifest.xml:85:13
	android:name
		ADDED from AndroidManifest.xml:83:13
activity#com.pvsagar.smartlockscreen.StorePattern
ADDED from AndroidManifest.xml:87:9
	android:label
		ADDED from AndroidManifest.xml:89:13
	android:theme
		ADDED from AndroidManifest.xml:90:13
	android:name
		ADDED from AndroidManifest.xml:88:13
activity#com.pvsagar.smartlockscreen.DismissKeyguardActivity
ADDED from AndroidManifest.xml:91:9
	android:screenOrientation
		ADDED from AndroidManifest.xml:95:13
	android:label
		ADDED from AndroidManifest.xml:94:13
	android:theme
		ADDED from AndroidManifest.xml:97:13
	android:excludeFromRecents
		ADDED from AndroidManifest.xml:93:13
	android:taskAffinity
		ADDED from AndroidManifest.xml:96:13
	android:name
		ADDED from AndroidManifest.xml:92:13
activity#com.pvsagar.smartlockscreen.SetMasterPassword
ADDED from AndroidManifest.xml:99:9
	android:label
		ADDED from AndroidManifest.xml:101:13
	android:theme
		ADDED from AndroidManifest.xml:102:13
	android:name
		ADDED from AndroidManifest.xml:100:13
activity#com.pvsagar.smartlockscreen.SmartLockScreenSettings
ADDED from AndroidManifest.xml:104:9
	android:label
		ADDED from AndroidManifest.xml:107:13
	android:theme
		ADDED from AndroidManifest.xml:109:13
	android:clearTaskOnLaunch
		ADDED from AndroidManifest.xml:106:13
	android:name
		ADDED from AndroidManifest.xml:105:13
	android:launchMode
		ADDED from AndroidManifest.xml:108:13
intent-filter#android.intent.action.MAIN+android.intent.category.LAUNCHER
ADDED from AndroidManifest.xml:110:13
action#android.intent.action.MAIN
ADDED from AndroidManifest.xml:111:17
	android:name
		ADDED from AndroidManifest.xml:111:25
category#android.intent.category.LAUNCHER
ADDED from AndroidManifest.xml:113:17
	android:name
		ADDED from AndroidManifest.xml:113:27
activity#com.pvsagar.smartlockscreen.SetUnknownEnvironmentPassword
ADDED from AndroidManifest.xml:116:9
	android:label
		ADDED from AndroidManifest.xml:118:13
	android:theme
		ADDED from AndroidManifest.xml:119:13
	android:name
		ADDED from AndroidManifest.xml:117:13
activity#com.pvsagar.smartlockscreen.ChoosePicture
ADDED from AndroidManifest.xml:121:9
	android:label
		ADDED from AndroidManifest.xml:123:13
	android:theme
		ADDED from AndroidManifest.xml:125:13
	android:parentActivityName
		ADDED from AndroidManifest.xml:124:13
	android:name
		ADDED from AndroidManifest.xml:122:13
meta-data#android.support.PARENT_ACTIVITY
ADDED from AndroidManifest.xml:126:13
	android:name
		ADDED from AndroidManifest.xml:127:17
	android:value
		ADDED from AndroidManifest.xml:128:17
activity#com.pvsagar.smartlockscreen.GeneralSettingsActivity
ADDED from AndroidManifest.xml:130:9
	android:label
		ADDED from AndroidManifest.xml:132:13
	android:theme
		ADDED from AndroidManifest.xml:134:13
	android:parentActivityName
		ADDED from AndroidManifest.xml:133:13
	android:name
		ADDED from AndroidManifest.xml:131:13
activity#com.pvsagar.smartlockscreen.AboutActivity
ADDED from AndroidManifest.xml:139:9
	android:label
		ADDED from AndroidManifest.xml:141:13
	android:theme
		ADDED from AndroidManifest.xml:143:13
	android:parentActivityName
		ADDED from AndroidManifest.xml:142:13
	android:name
		ADDED from AndroidManifest.xml:140:13
activity#com.android.camera.CropImage
ADDED from AndroidManifest.xml:148:9
	android:name
		ADDED from AndroidManifest.xml:148:19
provider#com.pvsagar.smartlockscreen.environmentdb.EnvironmentProvider
ADDED from AndroidManifest.xml:150:9
	android:exported
		ADDED from AndroidManifest.xml:153:13
	android:authorities
		ADDED from AndroidManifest.xml:152:13
	android:name
		ADDED from AndroidManifest.xml:151:13
service#com.pvsagar.smartlockscreen.services.BaseService
ADDED from AndroidManifest.xml:155:9
	android:enabled
		ADDED from AndroidManifest.xml:157:13
	android:name
		ADDED from AndroidManifest.xml:156:13
service#com.pvsagar.smartlockscreen.services.GeoFenceIntentService
ADDED from AndroidManifest.xml:159:9
	android:exported
		ADDED from AndroidManifest.xml:161:13
	android:name
		ADDED from AndroidManifest.xml:160:13
service#com.pvsagar.smartlockscreen.services.NotificationService
ADDED from AndroidManifest.xml:163:9
	android:permission
		ADDED from AndroidManifest.xml:165:13
	android:name
		ADDED from AndroidManifest.xml:164:13
intent-filter#android.service.notification.NotificationListenerService
ADDED from AndroidManifest.xml:166:13
action#android.service.notification.NotificationListenerService
ADDED from AndroidManifest.xml:167:17
	android:name
		ADDED from AndroidManifest.xml:167:25
receiver#com.pvsagar.smartlockscreen.receivers.WifiReceiver
ADDED from AndroidManifest.xml:171:9
	android:name
		ADDED from AndroidManifest.xml:171:19
intent-filter#android.net.wifi.STATE_CHANGE
ADDED from AndroidManifest.xml:172:13
	android:priority
		ADDED from AndroidManifest.xml:172:28
action#android.net.wifi.STATE_CHANGE
ADDED from AndroidManifest.xml:173:17
	android:name
		ADDED from AndroidManifest.xml:173:25
receiver#com.pvsagar.smartlockscreen.receivers.BluetoothReceiver
ADDED from AndroidManifest.xml:176:9
	android:name
		ADDED from AndroidManifest.xml:176:19
intent-filter#android.bluetooth.device.action.ACL_CONNECTED+android.bluetooth.device.action.ACL_DISCONNECTED
ADDED from AndroidManifest.xml:177:13
	android:priority
		ADDED from AndroidManifest.xml:177:28
action#android.bluetooth.device.action.ACL_CONNECTED
ADDED from AndroidManifest.xml:178:17
	android:name
		ADDED from AndroidManifest.xml:178:25
action#android.bluetooth.device.action.ACL_DISCONNECTED
ADDED from AndroidManifest.xml:179:17
	android:name
		ADDED from AndroidManifest.xml:179:25
receiver#com.pvsagar.smartlockscreen.receivers.AdminActions
ADDED from AndroidManifest.xml:182:9
	android:label
		ADDED from AndroidManifest.xml:185:13
	android:description
		ADDED from AndroidManifest.xml:184:13
	android:permission
		ADDED from AndroidManifest.xml:186:13
	android:name
		ADDED from AndroidManifest.xml:183:13
meta-data#android.app.device_admin
ADDED from AndroidManifest.xml:187:13
	android:resource
		ADDED from AndroidManifest.xml:189:17
	android:name
		ADDED from AndroidManifest.xml:188:17
intent-filter#android.app.action.DEVICE_ADMIN_ENABLED
ADDED from AndroidManifest.xml:191:13
action#android.app.action.DEVICE_ADMIN_ENABLED
ADDED from AndroidManifest.xml:192:17
	android:name
		ADDED from AndroidManifest.xml:192:25
receiver#com.pvsagar.smartlockscreen.receivers.StartOnBootReceiver
ADDED from AndroidManifest.xml:195:9
	android:name
		ADDED from AndroidManifest.xml:195:19
intent-filter#android.intent.action.BOOT_COMPLETED
ADDED from AndroidManifest.xml:196:13
action#android.intent.action.BOOT_COMPLETED
ADDED from AndroidManifest.xml:197:17
	android:name
		ADDED from AndroidManifest.xml:197:25
receiver#com.pvsagar.smartlockscreen.receivers.OnUpgradeBroadcastReceiver
ADDED from AndroidManifest.xml:200:9
	android:name
		ADDED from AndroidManifest.xml:200:19
intent-filter#android.intent.action.MY_PACKAGE_REPLACED
ADDED from AndroidManifest.xml:201:13
action#android.intent.action.MY_PACKAGE_REPLACED
ADDED from AndroidManifest.xml:202:17
	android:name
		ADDED from AndroidManifest.xml:202:25
receiver#com.pvsagar.smartlockscreen.receivers.PhoneStateReceiver
ADDED from AndroidManifest.xml:205:9
	android:name
		ADDED from AndroidManifest.xml:205:19
intent-filter#android.intent.action.PHONE_STATE+com.android.deskclock.ALARM_ALERT+com.android.deskclock.ALARM_DISMISS+com.android.deskclock.ALARM_DONE+com.android.deskclock.ALARM_SNOOZE
ADDED from AndroidManifest.xml:206:13
action#android.intent.action.PHONE_STATE
ADDED from AndroidManifest.xml:207:17
	android:name
		ADDED from AndroidManifest.xml:207:25
action#com.android.deskclock.ALARM_DONE
ADDED from AndroidManifest.xml:208:17
	android:name
		ADDED from AndroidManifest.xml:208:25
action#com.android.deskclock.ALARM_ALERT
ADDED from AndroidManifest.xml:209:17
	android:name
		ADDED from AndroidManifest.xml:209:25
action#com.android.deskclock.ALARM_DISMISS
ADDED from AndroidManifest.xml:210:17
	android:name
		ADDED from AndroidManifest.xml:210:25
action#com.android.deskclock.ALARM_SNOOZE
ADDED from AndroidManifest.xml:211:17
	android:name
		ADDED from AndroidManifest.xml:211:25
service#com.pvsagar.smartlockscreen.services.AppLockService
ADDED from AndroidManifest.xml:215:9
	android:exported
		ADDED from AndroidManifest.xml:218:13
	android:enabled
		ADDED from AndroidManifest.xml:217:13
	android:name
		ADDED from AndroidManifest.xml:216:13
uses-sdk
INJECTED from AndroidManifest.xml:0:0 reason: use-sdk injection requested
MERGED from SmartLockScreen:Lock Pattern Grid View Library:unspecified:7:5
MERGED from me.villani.lorenzo.android:android-cropimage:1.0.1:7:5
MERGED from com.github.gabrielemariotti.cards:library:1.9.0:24:5
MERGED from com.android.support:support-v4:21.0.0:15:5
MERGED from com.android.support:appcompat-v7:21.0.0:15:5
MERGED from com.android.support:support-v4:21.0.0:15:5
MERGED from com.google.android.gms:play-services:6.1.11:15:5
MERGED from com.android.support:support-v4:21.0.0:15:5
MERGED from com.android.support:cardview-v7:21.0.0:15:5
	android:targetSdkVersion
		INJECTED from AndroidManifest.xml:0:0
		INJECTED from AndroidManifest.xml:0:0
	android:minSdkVersion
		INJECTED from AndroidManifest.xml:0:0
		INJECTED from AndroidManifest.xml:0:0